This file contains any messages produced by compilers while
running configure, to aid debugging if configure makes a mistake.

It was created by 42sh configure 1,0, which was
generated by GNU Autoconf 2.71.  Invocation command line was

  $ ./configure

## --------- ##
## Platform. ##
## --------- ##

hostname = BubullesComputer
uname -m = x86_64
uname -r = 6.5.0-14-generic
uname -s = Linux
uname -v = #14~22.04.1-Ubuntu SMP PREEMPT_DYNAMIC Mon Nov 20 18:15:30 UTC 2

/usr/bin/uname -p = x86_64
/bin/uname -X     = unknown

/bin/arch              = x86_64
/usr/bin/arch -k       = unknown
/usr/convex/getsysinfo = unknown
/usr/bin/hostinfo      = unknown
/bin/machine           = unknown
/usr/bin/oslevel       = unknown
/bin/universe          = unknown

PATH: /home/bubulle/.nvm/versions/node/v14.17.0/bin/
PATH: /home/bubulle/.sdkman/candidates/gradle/current/bin/
PATH: /home/bubulle/.local/bin/
PATH: /usr/local/sbin/
PATH: /usr/local/bin/
PATH: /usr/sbin/
PATH: /usr/bin/
PATH: /sbin/
PATH: /bin/
PATH: /usr/games/
PATH: /usr/local/games/
PATH: /snap/bin/
PATH: /snap/bin/


## ----------- ##
## Core tests. ##
## ----------- ##

configure:2157: looking for aux files: compile ar-lib missing install-sh
configure:2170:  trying ./
configure:2199:   ./compile found
configure:2199:   ./ar-lib found
configure:2199:   ./missing found
configure:2181:   ./install-sh found
configure:2328: checking for a BSD-compatible install
configure:2401: result: /usr/bin/install -c
configure:2412: checking whether build environment is sane
configure:2467: result: yes
configure:2626: checking for a race-free mkdir -p
configure:2670: result: /usr/bin/mkdir -p
configure:2677: checking for gawk
configure:2712: result: no
configure:2677: checking for mawk
configure:2698: found /usr/bin/mawk
configure:2709: result: mawk
configure:2720: checking whether make sets $(MAKE)
configure:2743: result: yes
configure:2773: checking whether make supports nested variables
configure:2791: result: yes
configure:2941: checking whether make supports nested variables
configure:2959: result: yes
configure:2985: checking whether make supports the include directive
configure:3000: make -f confmf.GNU && cat confinc.out
this is the am__doit target
configure:3003: $? = 0
configure:3022: result: yes (GNU style)
configure:3098: checking for gcc
configure:3119: found /usr/bin/gcc
configure:3130: result: gcc
configure:3483: checking for C compiler version
configure:3492: gcc --version >&5
gcc (Ubuntu 11.4.0-1ubuntu1~22.04) 11.4.0
Copyright (C) 2021 Free Software Foundation, Inc.
This is free software; see the source for copying conditions.  There is NO
warranty; not even for MERCHANTABILITY or FITNESS FOR A PARTICULAR PURPOSE.

configure:3503: $? = 0
configure:3492: gcc -v >&5
Using built-in specs.
COLLECT_GCC=gcc
COLLECT_LTO_WRAPPER=/usr/lib/gcc/x86_64-linux-gnu/11/lto-wrapper
OFFLOAD_TARGET_NAMES=nvptx-none:amdgcn-amdhsa
OFFLOAD_TARGET_DEFAULT=1
Target: x86_64-linux-gnu
Configured with: ../src/configure -v --with-pkgversion='Ubuntu 11.4.0-1ubuntu1~22.04' --with-bugurl=file:///usr/share/doc/gcc-11/README.Bugs --enable-languages=c,ada,c++,go,brig,d,fortran,objc,obj-c++,m2 --prefix=/usr --with-gcc-major-version-only --program-suffix=-11 --program-prefix=x86_64-linux-gnu- --enable-shared --enable-linker-build-id --libexecdir=/usr/lib --without-included-gettext --enable-threads=posix --libdir=/usr/lib --enable-nls --enable-bootstrap --enable-clocale=gnu --enable-libstdcxx-debug --enable-libstdcxx-time=yes --with-default-libstdcxx-abi=new --enable-gnu-unique-object --disable-vtable-verify --enable-plugin --enable-default-pie --with-system-zlib --enable-libphobos-checking=release --with-target-system-zlib=auto --enable-objc-gc=auto --enable-multiarch --disable-werror --enable-cet --with-arch-32=i686 --with-abi=m64 --with-multilib-list=m32,m64,mx32 --enable-multilib --with-tune=generic --enable-offload-targets=nvptx-none=/build/gcc-11-XeT9lY/gcc-11-11.4.0/debian/tmp-nvptx/usr,amdgcn-amdhsa=/build/gcc-11-XeT9lY/gcc-11-11.4.0/debian/tmp-gcn/usr --without-cuda-driver --enable-checking=release --build=x86_64-linux-gnu --host=x86_64-linux-gnu --target=x86_64-linux-gnu --with-build-config=bootstrap-lto-lean --enable-link-serialization=2
Thread model: posix
Supported LTO compression algorithms: zlib zstd
gcc version 11.4.0 (Ubuntu 11.4.0-1ubuntu1~22.04) 
... rest of stderr output deleted ...
configure:3503: $? = 0
configure:3492: gcc -V >&5
gcc: error: unrecognized command-line option '-V'
gcc: fatal error: no input files
compilation terminated.
configure:3503: $? = 1
configure:3492: gcc -qversion >&5
gcc: error: unrecognized command-line option '-qversion'; did you mean '--version'?
gcc: fatal error: no input files
compilation terminated.
configure:3503: $? = 1
configure:3492: gcc -version >&5
gcc: error: unrecognized command-line option '-version'
gcc: fatal error: no input files
compilation terminated.
configure:3503: $? = 1
configure:3523: checking whether the C compiler works
configure:3545: gcc -O0 --coverage -fPIC -g -fsanitize=address -g -fsanitize=address -fsanitize=address conftest.c  >&5
configure:3549: $? = 0
configure:3599: result: yes
configure:3602: checking for C compiler default output file name
configure:3604: result: a.out
configure:3610: checking for suffix of executables
configure:3617: gcc -o conftest -O0 --coverage -fPIC -g -fsanitize=address -g -fsanitize=address -fsanitize=address conftest.c  >&5
configure:3621: $? = 0
configure:3644: result: 
configure:3666: checking whether we are cross compiling
configure:3674: gcc -o conftest -O0 --coverage -fPIC -g -fsanitize=address -g -fsanitize=address -fsanitize=address conftest.c  >&5
configure:3678: $? = 0
configure:3685: ./conftest
configure:3689: $? = 0
configure:3704: result: no
configure:3709: checking for suffix of object files
configure:3732: gcc -c -O0 --coverage -fPIC -g -fsanitize=address -g -fsanitize=address conftest.c >&5
configure:3736: $? = 0
configure:3758: result: o
configure:3762: checking whether the compiler supports GNU C
configure:3782: gcc -c -O0 --coverage -fPIC -g -fsanitize=address -g -fsanitize=address conftest.c >&5
configure:3782: $? = 0
configure:3792: result: yes
configure:3803: checking whether gcc accepts -g
configure:3824: gcc -c -g -g -fsanitize=address conftest.c >&5
configure:3824: $? = 0
configure:3868: result: yes
configure:3888: checking for gcc option to enable C11 features
configure:3903: gcc  -c -O0 --coverage -fPIC -g -fsanitize=address -g -fsanitize=address conftest.c >&5
configure:3903: $? = 0
configure:3921: result: none needed
configure:4037: checking whether gcc understands -c and -o together
configure:4060: gcc -c conftest.c -o conftest2.o
configure:4063: $? = 0
configure:4060: gcc -c conftest.c -o conftest2.o
configure:4063: $? = 0
configure:4075: result: yes
configure:4094: checking dependency style of gcc
configure:4206: result: gcc3
configure:4277: checking for ar
configure:4298: found /usr/bin/ar
configure:4309: result: ar
configure:4335: checking the archiver (ar) interface
configure:4352: gcc -c -O0 --coverage -fPIC -g -fsanitize=address -g -fsanitize=address conftest.c >&5
configure:4352: $? = 0
configure:4355: ar cru libconftest.a conftest.o >&5
ar: `u' modifier ignored since `D' is the default (see `U')
configure:4358: $? = 0
configure:4386: result: ar
configure:4457: checking for ranlib
configure:4478: found /usr/bin/ranlib
configure:4489: result: ranlib
configure:4566: checking for gcc
configure:4598: result: gcc
configure:4951: checking for C compiler version
configure:4960: gcc --version >&5
gcc (Ubuntu 11.4.0-1ubuntu1~22.04) 11.4.0
Copyright (C) 2021 Free Software Foundation, Inc.
This is free software; see the source for copying conditions.  There is NO
warranty; not even for MERCHANTABILITY or FITNESS FOR A PARTICULAR PURPOSE.

configure:4971: $? = 0
configure:4960: gcc -v >&5
Using built-in specs.
COLLECT_GCC=gcc
COLLECT_LTO_WRAPPER=/usr/lib/gcc/x86_64-linux-gnu/11/lto-wrapper
OFFLOAD_TARGET_NAMES=nvptx-none:amdgcn-amdhsa
OFFLOAD_TARGET_DEFAULT=1
Target: x86_64-linux-gnu
Configured with: ../src/configure -v --with-pkgversion='Ubuntu 11.4.0-1ubuntu1~22.04' --with-bugurl=file:///usr/share/doc/gcc-11/README.Bugs --enable-languages=c,ada,c++,go,brig,d,fortran,objc,obj-c++,m2 --prefix=/usr --with-gcc-major-version-only --program-suffix=-11 --program-prefix=x86_64-linux-gnu- --enable-shared --enable-linker-build-id --libexecdir=/usr/lib --without-included-gettext --enable-threads=posix --libdir=/usr/lib --enable-nls --enable-bootstrap --enable-clocale=gnu --enable-libstdcxx-debug --enable-libstdcxx-time=yes --with-default-libstdcxx-abi=new --enable-gnu-unique-object --disable-vtable-verify --enable-plugin --enable-default-pie --with-system-zlib --enable-libphobos-checking=release --with-target-system-zlib=auto --enable-objc-gc=auto --enable-multiarch --disable-werror --enable-cet --with-arch-32=i686 --with-abi=m64 --with-multilib-list=m32,m64,mx32 --enable-multilib --with-tune=generic --enable-offload-targets=nvptx-none=/build/gcc-11-XeT9lY/gcc-11-11.4.0/debian/tmp-nvptx/usr,amdgcn-amdhsa=/build/gcc-11-XeT9lY/gcc-11-11.4.0/debian/tmp-gcn/usr --without-cuda-driver --enable-checking=release --build=x86_64-linux-gnu --host=x86_64-linux-gnu --target=x86_64-linux-gnu --with-build-config=bootstrap-lto-lean --enable-link-serialization=2
Thread model: posix
Supported LTO compression algorithms: zlib zstd
gcc version 11.4.0 (Ubuntu 11.4.0-1ubuntu1~22.04) 
... rest of stderr output deleted ...
configure:4971: $? = 0
configure:4960: gcc -V >&5
gcc: error: unrecognized command-line option '-V'
gcc: fatal error: no input files
compilation terminated.
configure:4971: $? = 1
configure:4960: gcc -qversion >&5
gcc: error: unrecognized command-line option '-qversion'; did you mean '--version'?
gcc: fatal error: no input files
compilation terminated.
configure:4971: $? = 1
configure:4960: gcc -version >&5
gcc: error: unrecognized command-line option '-version'
gcc: fatal error: no input files
compilation terminated.
configure:4971: $? = 1
configure:4975: checking whether the compiler supports GNU C
configure:5005: result: yes
configure:5016: checking whether gcc accepts -g
configure:5081: result: yes
configure:5101: checking for gcc option to enable C11 features
configure:5134: result: none needed
configure:5250: checking whether gcc understands -c and -o together
configure:5288: result: yes
configure:5307: checking dependency style of gcc
configure:5419: result: gcc3
configure:5436: checking for a sed that does not truncate output
configure:5506: result: /usr/bin/sed
configure:5592: gcc -c -O0 --coverage -fPIC -g -fsanitize=address -g -fsanitize=address conftest.c >&5
conftest.c:13:9: error: #error "no C++"
   13 |        #error "no C++"
      |         ^~~~~
configure:5592: $? = 1
configure: failed program was:
| /* confdefs.h */
| #define PACKAGE_NAME "42sh"
| #define PACKAGE_TARNAME "42sh"
| #define PACKAGE_VERSION "1,0"
| #define PACKAGE_STRING "42sh 1,0"
| #define PACKAGE_BUGREPORT "aglae.tournois@epita.fr"
| #define PACKAGE_URL ""
| #define PACKAGE "42sh"
| #define VERSION "1,0"
| /* end confdefs.h.  */
| 
|       #ifndef __cplusplus
|        #error "no C++"
|        #endif
| int
| main (void)
| {
| 
|   ;
|   return 0;
| }
configure:5605: checking whether C compiler accepts -Werror=unknown-warning-option
configure:5625: gcc -c -O0 --coverage -fPIC -g -fsanitize=address  -Werror=unknown-warning-option -g -fsanitize=address conftest.c >&5
cc1: error: '-Werror=unknown-warning-option': no option '-Wunknown-warning-option'
configure:5625: $? = 1
configure: failed program was:
| /* confdefs.h */
| #define PACKAGE_NAME "42sh"
| #define PACKAGE_TARNAME "42sh"
| #define PACKAGE_VERSION "1,0"
| #define PACKAGE_STRING "42sh 1,0"
| #define PACKAGE_BUGREPORT "aglae.tournois@epita.fr"
| #define PACKAGE_URL ""
| #define PACKAGE "42sh"
| #define VERSION "1,0"
| /* end confdefs.h.  */
| 
| int
| main (void)
| {
| 
|   ;
|   return 0;
| }
configure:5634: result: no
configure:5649: checking whether C compiler accepts -Wno-suggest-attribute=format
configure:5669: gcc -c -O0 --coverage -fPIC -g -fsanitize=address  -Wno-suggest-attribute=format -g -fsanitize=address conftest.c >&5
configure:5669: $? = 0
configure:5678: result: yes
configure:5699: checking whether C compiler accepts -fno-strict-aliasing
configure:5719: gcc -c -O0 --coverage -fPIC -g -fsanitize=address  -fno-strict-aliasing -g -fsanitize=address conftest.c >&5
configure:5719: $? = 0
configure:5729: result: yes
configure:5758: : WARN_CFLAGS="$WARN_CFLAGS"
configure:5761: $? = 0
configure:5699: checking whether C compiler accepts -Wall
configure:5719: gcc -c -O0 --coverage -fPIC -g -fsanitize=address  -Wall -g -fsanitize=address conftest.c >&5
configure:5719: $? = 0
configure:5729: result: yes
configure:5747: : WARN_CFLAGS="$WARN_CFLAGS"
configure:5750: $? = 0
configure:5699: checking whether C compiler accepts -Werror
configure:5719: gcc -c -O0 --coverage -fPIC -g -fsanitize=address  -Werror -g -fsanitize=address conftest.c >&5
configure:5719: $? = 0
configure:5729: result: yes
configure:5747: : WARN_CFLAGS="$WARN_CFLAGS"
configure:5750: $? = 0
configure:5699: checking whether C compiler accepts -Wextra
configure:5719: gcc -c -O0 --coverage -fPIC -g -fsanitize=address  -Wextra -g -fsanitize=address conftest.c >&5
configure:5719: $? = 0
configure:5729: result: yes
configure:5747: : WARN_CFLAGS="$WARN_CFLAGS"
configure:5750: $? = 0
configure:5699: checking whether C compiler accepts -Wvla
configure:5719: gcc -c -O0 --coverage -fPIC -g -fsanitize=address  -Wvla -g -fsanitize=address conftest.c >&5
configure:5719: $? = 0
configure:5729: result: yes
configure:5747: : WARN_CFLAGS="$WARN_CFLAGS"
configure:5750: $? = 0
configure:5699: checking whether C compiler accepts -std=c99
configure:5719: gcc -c -O0 --coverage -fPIC -g -fsanitize=address  -std=c99 -g -fsanitize=address conftest.c >&5
configure:5719: $? = 0
configure:5729: result: yes
configure:5747: : WARN_CFLAGS="$WARN_CFLAGS"
configure:5750: $? = 0
configure:5699: checking whether C compiler accepts -pedantic
configure:5719: gcc -c -O0 --coverage -fPIC -g -fsanitize=address  -pedantic -g -fsanitize=address conftest.c >&5
configure:5719: $? = 0
configure:5729: result: yes
configure:5747: : WARN_CFLAGS="$WARN_CFLAGS"
configure:5750: $? = 0
configure:5784: checking whether C compiler accepts -Wnested-externs
configure:5804: gcc -c -O0 --coverage -fPIC -g -fsanitize=address  -Wnested-externs -g -fsanitize=address conftest.c >&5
configure:5804: $? = 0
configure:5814: result: yes
configure:5832: : WARN_CFLAGS="$WARN_CFLAGS"
configure:5835: $? = 0
configure:5784: checking whether C compiler accepts -Wmissing-prototypes
configure:5804: gcc -c -O0 --coverage -fPIC -g -fsanitize=address  -Wmissing-prototypes -g -fsanitize=address conftest.c >&5
configure:5804: $? = 0
configure:5814: result: yes
configure:5832: : WARN_CFLAGS="$WARN_CFLAGS"
configure:5835: $? = 0
configure:5784: checking whether C compiler accepts -Wstrict-prototypes
configure:5804: gcc -c -O0 --coverage -fPIC -g -fsanitize=address  -Wstrict-prototypes -g -fsanitize=address conftest.c >&5
configure:5804: $? = 0
configure:5814: result: yes
configure:5832: : WARN_CFLAGS="$WARN_CFLAGS"
configure:5835: $? = 0
configure:5784: checking whether C compiler accepts -Wdeclaration-after-statement
configure:5804: gcc -c -O0 --coverage -fPIC -g -fsanitize=address  -Wdeclaration-after-statement -g -fsanitize=address conftest.c >&5
configure:5804: $? = 0
configure:5814: result: yes
configure:5832: : WARN_CFLAGS="$WARN_CFLAGS"
configure:5835: $? = 0
configure:5784: checking whether C compiler accepts -Wimplicit-function-declaration
configure:5804: gcc -c -O0 --coverage -fPIC -g -fsanitize=address  -Wimplicit-function-declaration -g -fsanitize=address conftest.c >&5
configure:5804: $? = 0
configure:5814: result: yes
configure:5832: : WARN_CFLAGS="$WARN_CFLAGS"
configure:5835: $? = 0
configure:5784: checking whether C compiler accepts -Wold-style-definition
configure:5804: gcc -c -O0 --coverage -fPIC -g -fsanitize=address  -Wold-style-definition -g -fsanitize=address conftest.c >&5
configure:5804: $? = 0
configure:5814: result: yes
configure:5832: : WARN_CFLAGS="$WARN_CFLAGS"
configure:5835: $? = 0
configure:5784: checking whether C compiler accepts -Wjump-misses-init
configure:5804: gcc -c -O0 --coverage -fPIC -g -fsanitize=address  -Wjump-misses-init -g -fsanitize=address conftest.c >&5
configure:5804: $? = 0
configure:5814: result: yes
configure:5832: : WARN_CFLAGS="$WARN_CFLAGS"
configure:5835: $? = 0
configure:5866: checking whether C compiler accepts -Wall
configure:5896: result: yes
configure:5906: : WARN_CFLAGS already contains $flag
configure:5909: $? = 0
configure:5866: checking whether C compiler accepts -Wextra
configure:5896: result: yes
configure:5906: : WARN_CFLAGS already contains $flag
configure:5909: $? = 0
configure:5866: checking whether C compiler accepts -Wundef
configure:5886: gcc -c -O0 --coverage -fPIC -g -fsanitize=address  -Wundef -g -fsanitize=address conftest.c >&5
configure:5886: $? = 0
configure:5896: result: yes
configure:5914: : WARN_CFLAGS="$WARN_CFLAGS"
configure:5917: $? = 0
configure:5866: checking whether C compiler accepts -Wwrite-strings
configure:5886: gcc -c -O0 --coverage -fPIC -g -fsanitize=address  -Wwrite-strings -g -fsanitize=address conftest.c >&5
configure:5886: $? = 0
configure:5896: result: yes
configure:5914: : WARN_CFLAGS="$WARN_CFLAGS"
configure:5917: $? = 0
configure:5866: checking whether C compiler accepts -Wpointer-arith
configure:5886: gcc -c -O0 --coverage -fPIC -g -fsanitize=address  -Wpointer-arith -g -fsanitize=address conftest.c >&5
configure:5886: $? = 0
configure:5896: result: yes
configure:5914: : WARN_CFLAGS="$WARN_CFLAGS"
configure:5917: $? = 0
configure:5866: checking whether C compiler accepts -Wmissing-declarations
configure:5886: gcc -c -O0 --coverage -fPIC -g -fsanitize=address  -Wmissing-declarations -g -fsanitize=address conftest.c >&5
configure:5886: $? = 0
configure:5896: result: yes
configure:5914: : WARN_CFLAGS="$WARN_CFLAGS"
configure:5917: $? = 0
configure:5866: checking whether C compiler accepts -Wredundant-decls
configure:5886: gcc -c -O0 --coverage -fPIC -g -fsanitize=address  -Wredundant-decls -g -fsanitize=address conftest.c >&5
configure:5886: $? = 0
configure:5896: result: yes
configure:5914: : WARN_CFLAGS="$WARN_CFLAGS"
configure:5917: $? = 0
configure:5866: checking whether C compiler accepts -Wno-unused-parameter
configure:5886: gcc -c -O0 --coverage -fPIC -g -fsanitize=address  -Wno-unused-parameter -g -fsanitize=address conftest.c >&5
configure:5886: $? = 0
configure:5896: result: yes
configure:5914: : WARN_CFLAGS="$WARN_CFLAGS"
configure:5917: $? = 0
configure:5866: checking whether C compiler accepts -Wno-missing-field-initializers
configure:5886: gcc -c -O0 --coverage -fPIC -g -fsanitize=address  -Wno-missing-field-initializers -g -fsanitize=address conftest.c >&5
configure:5886: $? = 0
configure:5896: result: yes
configure:5914: : WARN_CFLAGS="$WARN_CFLAGS"
configure:5917: $? = 0
configure:5866: checking whether C compiler accepts -Wformat=2
configure:5886: gcc -c -O0 --coverage -fPIC -g -fsanitize=address  -Wformat=2 -g -fsanitize=address conftest.c >&5
configure:5886: $? = 0
configure:5896: result: yes
configure:5914: : WARN_CFLAGS="$WARN_CFLAGS"
configure:5917: $? = 0
configure:5866: checking whether C compiler accepts -Wcast-align
configure:5886: gcc -c -O0 --coverage -fPIC -g -fsanitize=address  -Wcast-align -g -fsanitize=address conftest.c >&5
configure:5886: $? = 0
configure:5896: result: yes
configure:5914: : WARN_CFLAGS="$WARN_CFLAGS"
configure:5917: $? = 0
configure:5866: checking whether C compiler accepts -Wformat-nonliteral
configure:5886: gcc -c -O0 --coverage -fPIC -g -fsanitize=address  -Wformat-nonliteral -g -fsanitize=address conftest.c >&5
configure:5886: $? = 0
configure:5896: result: yes
configure:5914: : WARN_CFLAGS="$WARN_CFLAGS"
configure:5917: $? = 0
configure:5866: checking whether C compiler accepts -Wformat-security
configure:5886: gcc -c -O0 --coverage -fPIC -g -fsanitize=address  -Wformat-security -g -fsanitize=address conftest.c >&5
configure:5886: $? = 0
configure:5896: result: yes
configure:5914: : WARN_CFLAGS="$WARN_CFLAGS"
configure:5917: $? = 0
configure:5866: checking whether C compiler accepts -Wsign-compare
configure:5886: gcc -c -O0 --coverage -fPIC -g -fsanitize=address  -Wsign-compare -g -fsanitize=address conftest.c >&5
configure:5886: $? = 0
configure:5896: result: yes
configure:5914: : WARN_CFLAGS="$WARN_CFLAGS"
configure:5917: $? = 0
configure:5866: checking whether C compiler accepts -Wstrict-aliasing
configure:5886: gcc -c -O0 --coverage -fPIC -g -fsanitize=address  -Wstrict-aliasing -g -fsanitize=address conftest.c >&5
configure:5886: $? = 0
configure:5896: result: yes
configure:5914: : WARN_CFLAGS="$WARN_CFLAGS"
configure:5917: $? = 0
configure:5866: checking whether C compiler accepts -Wshadow
configure:5886: gcc -c -O0 --coverage -fPIC -g -fsanitize=address  -Wshadow -g -fsanitize=address conftest.c >&5
configure:5886: $? = 0
configure:5896: result: yes
configure:5914: : WARN_CFLAGS="$WARN_CFLAGS"
configure:5917: $? = 0
configure:5866: checking whether C compiler accepts -Winline
configure:5886: gcc -c -O0 --coverage -fPIC -g -fsanitize=address  -Winline -g -fsanitize=address conftest.c >&5
configure:5886: $? = 0
configure:5896: result: yes
configure:5914: : WARN_CFLAGS="$WARN_CFLAGS"
configure:5917: $? = 0
configure:5866: checking whether C compiler accepts -Wpacked
configure:5886: gcc -c -O0 --coverage -fPIC -g -fsanitize=address  -Wpacked -g -fsanitize=address conftest.c >&5
configure:5886: $? = 0
configure:5896: result: yes
configure:5914: : WARN_CFLAGS="$WARN_CFLAGS"
configure:5917: $? = 0
configure:5866: checking whether C compiler accepts -Wmissing-format-attribute
configure:5886: gcc -c -O0 --coverage -fPIC -g -fsanitize=address  -Wmissing-format-attribute -g -fsanitize=address conftest.c >&5
configure:5886: $? = 0
configure:5896: result: yes
configure:5914: : WARN_CFLAGS="$WARN_CFLAGS"
configure:5917: $? = 0
configure:5866: checking whether C compiler accepts -Wmissing-noreturn
configure:5886: gcc -c -O0 --coverage -fPIC -g -fsanitize=address  -Wmissing-noreturn -g -fsanitize=address conftest.c >&5
configure:5886: $? = 0
configure:5896: result: yes
configure:5914: : WARN_CFLAGS="$WARN_CFLAGS"
configure:5917: $? = 0
configure:5866: checking whether C compiler accepts -Winit-self
configure:5886: gcc -c -O0 --coverage -fPIC -g -fsanitize=address  -Winit-self -g -fsanitize=address conftest.c >&5
configure:5886: $? = 0
configure:5896: result: yes
configure:5914: : WARN_CFLAGS="$WARN_CFLAGS"
configure:5917: $? = 0
configure:5866: checking whether C compiler accepts -Wredundant-decls
configure:5896: result: yes
configure:5906: : WARN_CFLAGS already contains $flag
configure:5909: $? = 0
configure:5866: checking whether C compiler accepts -Wmissing-include-dirs
configure:5886: gcc -c -O0 --coverage -fPIC -g -fsanitize=address  -Wmissing-include-dirs -g -fsanitize=address conftest.c >&5
configure:5886: $? = 0
configure:5896: result: yes
configure:5914: : WARN_CFLAGS="$WARN_CFLAGS"
configure:5917: $? = 0
configure:5866: checking whether C compiler accepts -Wunused-but-set-variable
configure:5886: gcc -c -O0 --coverage -fPIC -g -fsanitize=address  -Wunused-but-set-variable -g -fsanitize=address conftest.c >&5
configure:5886: $? = 0
configure:5896: result: yes
configure:5914: : WARN_CFLAGS="$WARN_CFLAGS"
configure:5917: $? = 0
configure:5866: checking whether C compiler accepts -Warray-bounds
configure:5886: gcc -c -O0 --coverage -fPIC -g -fsanitize=address  -Warray-bounds -g -fsanitize=address conftest.c >&5
configure:5886: $? = 0
configure:5896: result: yes
configure:5914: : WARN_CFLAGS="$WARN_CFLAGS"
configure:5917: $? = 0
configure:5866: checking whether C compiler accepts -Wreturn-type
configure:5886: gcc -c -O0 --coverage -fPIC -g -fsanitize=address  -Wreturn-type -g -fsanitize=address conftest.c >&5
configure:5886: $? = 0
configure:5896: result: yes
configure:5914: : WARN_CFLAGS="$WARN_CFLAGS"
configure:5917: $? = 0
configure:5866: checking whether C compiler accepts -Wswitch-enum
configure:5886: gcc -c -O0 --coverage -fPIC -g -fsanitize=address  -Wswitch-enum -g -fsanitize=address conftest.c >&5
configure:5886: $? = 0
configure:5896: result: yes
configure:5914: : WARN_CFLAGS="$WARN_CFLAGS"
configure:5917: $? = 0
configure:5866: checking whether C compiler accepts -Wswitch-default
configure:5886: gcc -c -O0 --coverage -fPIC -g -fsanitize=address  -Wswitch-default -g -fsanitize=address conftest.c >&5
configure:5886: $? = 0
configure:5896: result: yes
configure:5914: : WARN_CFLAGS="$WARN_CFLAGS"
configure:5917: $? = 0
configure:5866: checking whether C compiler accepts -Wduplicated-cond
configure:5886: gcc -c -O0 --coverage -fPIC -g -fsanitize=address  -Wduplicated-cond -g -fsanitize=address conftest.c >&5
configure:5886: $? = 0
configure:5896: result: yes
configure:5914: : WARN_CFLAGS="$WARN_CFLAGS"
configure:5917: $? = 0
configure:5866: checking whether C compiler accepts -Wduplicated-branches
configure:5886: gcc -c -O0 --coverage -fPIC -g -fsanitize=address  -Wduplicated-branches -g -fsanitize=address conftest.c >&5
configure:5886: $? = 0
configure:5896: result: yes
configure:5914: : WARN_CFLAGS="$WARN_CFLAGS"
configure:5917: $? = 0
configure:5866: checking whether C compiler accepts -Wlogical-op
configure:5886: gcc -c -O0 --coverage -fPIC -g -fsanitize=address  -Wlogical-op -g -fsanitize=address conftest.c >&5
configure:5886: $? = 0
configure:5896: result: yes
configure:5914: : WARN_CFLAGS="$WARN_CFLAGS"
configure:5917: $? = 0
configure:5866: checking whether C compiler accepts -Wrestrict
configure:5886: gcc -c -O0 --coverage -fPIC -g -fsanitize=address  -Wrestrict -g -fsanitize=address conftest.c >&5
configure:5886: $? = 0
configure:5896: result: yes
configure:5914: : WARN_CFLAGS="$WARN_CFLAGS"
configure:5917: $? = 0
configure:5866: checking whether C compiler accepts -Wnull-dereference
configure:5886: gcc -c -O0 --coverage -fPIC -g -fsanitize=address  -Wnull-dereference -g -fsanitize=address conftest.c >&5
configure:5886: $? = 0
configure:5896: result: yes
configure:5914: : WARN_CFLAGS="$WARN_CFLAGS"
configure:5917: $? = 0
configure:5866: checking whether C compiler accepts -Wdouble-promotion
configure:5886: gcc -c -O0 --coverage -fPIC -g -fsanitize=address  -Wdouble-promotion -g -fsanitize=address conftest.c >&5
configure:5886: $? = 0
configure:5896: result: yes
configure:5914: : WARN_CFLAGS="$WARN_CFLAGS"
configure:5917: $? = 0
configure:5955: : WARN_CFLAGS already contains -Werror
configure:5958: $? = 0
configure:5989: checking whether C compiler accepts -Wno-suggest-attribute=format
configure:6009: gcc -c -O0 --coverage -fPIC -g -fsanitize=address  -Wno-suggest-attribute=format -g -fsanitize=address conftest.c >&5
configure:6009: $? = 0
configure:6019: result: yes
configure:6037: : WARN_CFLAGS="$WARN_CFLAGS"
configure:6040: $? = 0
configure:6081: checking whether C compiler accepts -Wno-error=unused-parameter
configure:6101: gcc -c -O0 --coverage -fPIC -g -fsanitize=address  -Wno-error=unused-parameter -g -fsanitize=address conftest.c >&5
configure:6101: $? = 0
configure:6111: result: yes
configure:6129: : WARN_CFLAGS="$WARN_CFLAGS"
configure:6132: $? = 0
configure:6081: checking whether C compiler accepts -Wno-error=missing-field-initializers
configure:6101: gcc -c -O0 --coverage -fPIC -g -fsanitize=address  -Wno-error=missing-field-initializers -g -fsanitize=address conftest.c >&5
configure:6101: $? = 0
configure:6111: result: yes
configure:6129: : WARN_CFLAGS="$WARN_CFLAGS"
configure:6132: $? = 0
configure:6189: checking whether C compiler accepts -Werror=unknown-warning-option
configure:6218: result: no
configure:6232: checking whether the linker accepts -Wl,--as-needed
configure:6252: gcc -o conftest -O0 --coverage -fPIC -g -fsanitize=address -g -fsanitize=address -fsanitize=address  -Wl,--as-needed conftest.c  >&5
configure:6252: $? = 0
configure:6262: result: yes
configure:6273: checking whether the linker accepts -Wl,--as-needed
configure:6293: gcc -o conftest -O0 --coverage -fPIC -g -fsanitize=address -g -fsanitize=address -fsanitize=address  -Wl,--as-needed conftest.c  >&5
configure:6293: $? = 0
configure:6304: result: yes
configure:6333: : AM_LDFLAGS="$AM_LDFLAGS"
configure:6336: $? = 0
configure:6352: checking whether the linker accepts -Wl,-z,relro
configure:6372: gcc -o conftest -O0 --coverage -fPIC -g -fsanitize=address -g -fsanitize=address -fsanitize=address  -Wl,-z,relro conftest.c  >&5
configure:6372: $? = 0
configure:6382: result: yes
configure:6393: checking whether the linker accepts -Wl,-z,relro
configure:6413: gcc -o conftest -O0 --coverage -fPIC -g -fsanitize=address -g -fsanitize=address -fsanitize=address  -Wl,-z,relro conftest.c  >&5
configure:6413: $? = 0
configure:6424: result: yes
configure:6442: : AM_LDFLAGS="$AM_LDFLAGS"
configure:6445: $? = 0
configure:6472: checking whether the linker accepts -Wl,-z,now
configure:6492: gcc -o conftest -O0 --coverage -fPIC -g -fsanitize=address -g -fsanitize=address -fsanitize=address  -Wl,-z,now conftest.c  >&5
configure:6492: $? = 0
configure:6502: result: yes
configure:6513: checking whether the linker accepts -Wl,-z,now
configure:6533: gcc -o conftest -O0 --coverage -fPIC -g -fsanitize=address -g -fsanitize=address -fsanitize=address  -Wl,-z,now conftest.c  >&5
configure:6533: $? = 0
configure:6544: result: yes
configure:6562: : AM_LDFLAGS="$AM_LDFLAGS"
configure:6565: $? = 0
configure:6592: checking whether the linker accepts -Wl,-z,noexecstack
configure:6612: gcc -o conftest -O0 --coverage -fPIC -g -fsanitize=address -g -fsanitize=address -fsanitize=address  -Wl,-z,noexecstack conftest.c  >&5
configure:6612: $? = 0
configure:6622: result: yes
configure:6633: checking whether the linker accepts -Wl,-z,noexecstack
configure:6653: gcc -o conftest -O0 --coverage -fPIC -g -fsanitize=address -g -fsanitize=address -fsanitize=address  -Wl,-z,noexecstack conftest.c  >&5
configure:6653: $? = 0
configure:6664: result: yes
configure:6682: : AM_LDFLAGS="$AM_LDFLAGS"
configure:6685: $? = 0
configure:6715: checking whether the linker accepts -Wl,--no-as-needed
configure:6735: gcc -o conftest -O0 --coverage -fPIC -g -fsanitize=address -g -fsanitize=address -fsanitize=address  -Wl,--no-as-needed conftest.c  >&5
configure:6735: $? = 0
configure:6745: result: yes
configure:6761: checking whether the linker accepts -Wl,--fatal-warnings
configure:6781: gcc -o conftest -O0 --coverage -fPIC -g -fsanitize=address -g -fsanitize=address -fsanitize=address  -Wl,--fatal-warnings conftest.c  >&5
configure:6781: $? = 0
configure:6791: result: yes
configure:6802: checking whether the linker accepts -Wl,-fatal_warnings
configure:6822: gcc -o conftest -O0 --coverage -fPIC -g -fsanitize=address -g -fsanitize=address -fsanitize=address  -Wl,-fatal_warnings conftest.c  >&5
/usr/bin/ld: -f may not be used without -shared
collect2: error: ld returned 1 exit status
configure:6822: $? = 1
configure: failed program was:
| /* confdefs.h */
| #define PACKAGE_NAME "42sh"
| #define PACKAGE_TARNAME "42sh"
| #define PACKAGE_VERSION "1,0"
| #define PACKAGE_STRING "42sh 1,0"
| #define PACKAGE_BUGREPORT "aglae.tournois@epita.fr"
| #define PACKAGE_URL ""
| #define PACKAGE "42sh"
| #define VERSION "1,0"
| /* end confdefs.h.  */
| 
| int
| main (void)
| {
| 
|   ;
|   return 0;
| }
configure:6832: result: no
configure:6851: checking whether the linker accepts -Wl,--no-as-needed
configure:6871: gcc -o conftest -O0 --coverage -fPIC -g -fsanitize=address -g -fsanitize=address -fsanitize=address  -Wl,--no-as-needed conftest.c  >&5
configure:6871: $? = 0
configure:6882: result: yes
configure:6911: : WARN_LDFLAGS="$WARN_LDFLAGS"
configure:6914: $? = 0
configure:7026: checking whether the linker accepts -Wl,--fatal-warnings
configure:7046: gcc -o conftest -O0 --coverage -fPIC -g -fsanitize=address -g -fsanitize=address -fsanitize=address  -Wl,--fatal-warnings conftest.c  >&5
configure:7046: $? = 0
configure:7057: result: yes
configure:7075: : WARN_LDFLAGS="$WARN_LDFLAGS"
configure:7078: $? = 0
configure:7139: : WARN_SCANNERFLAGS="$WARN_SCANNERFLAGS"
configure:7142: $? = 0
configure:7166: : WARN_SCANNERFLAGS="$WARN_SCANNERFLAGS"
configure:7169: $? = 0
configure:7205: : WARN_SCANNERFLAGS="$WARN_SCANNERFLAGS"
configure:7208: $? = 0
configure:7375: checking that generated files are newer than configure
configure:7381: result: done
configure:7408: creating ./config.status

## ---------------------- ##
## Running config.status. ##
## ---------------------- ##

This file was extended by 42sh config.status 1,0, which was
generated by GNU Autoconf 2.71.  Invocation command line was

  CONFIG_FILES    = 
  CONFIG_HEADERS  = 
  CONFIG_LINKS    = 
  CONFIG_COMMANDS = 
  $ ./config.status 

on BubullesComputer

config.status:790: creating Makefile
config.status:790: creating src/Makefile
config.status:790: creating src/ast/Makefile
config.status:790: creating src/command/Makefile
config.status:790: creating src/exec/Makefile
config.status:790: creating src/io_backend/Makefile
config.status:790: creating src/lexer/Makefile
config.status:790: creating src/parser/Makefile
config.status:790: creating src/word_expand/Makefile
config.status:790: creating tests/Makefile
config.status:962: executing depfiles commands
config.status:1039: cd src       && sed -e '/# am--include-marker/d' Makefile         | make -f - am--depfiles
make: Nothing to be done for 'am--depfiles'.
config.status:1044: $? = 0
config.status:1039: cd src/ast       && sed -e '/# am--include-marker/d' Makefile         | make -f - am--depfiles
make: Nothing to be done for 'am--depfiles'.
config.status:1044: $? = 0
config.status:1039: cd src/command       && sed -e '/# am--include-marker/d' Makefile         | make -f - am--depfiles
make: Nothing to be done for 'am--depfiles'.
config.status:1044: $? = 0
config.status:1039: cd src/exec       && sed -e '/# am--include-marker/d' Makefile         | make -f - am--depfiles
make: Nothing to be done for 'am--depfiles'.
config.status:1044: $? = 0
config.status:1039: cd src/io_backend       && sed -e '/# am--include-marker/d' Makefile         | make -f - am--depfiles
make: Nothing to be done for 'am--depfiles'.
config.status:1044: $? = 0
config.status:1039: cd src/lexer       && sed -e '/# am--include-marker/d' Makefile         | make -f - am--depfiles
make: Nothing to be done for 'am--depfiles'.
config.status:1044: $? = 0
config.status:1039: cd src/parser       && sed -e '/# am--include-marker/d' Makefile         | make -f - am--depfiles
make: Nothing to be done for 'am--depfiles'.
config.status:1044: $? = 0
config.status:1039: cd src/word_expand       && sed -e '/# am--include-marker/d' Makefile         | make -f - am--depfiles
make: Nothing to be done for 'am--depfiles'.
config.status:1044: $? = 0

## ---------------- ##
## Cache variables. ##
## ---------------- ##

ac_cv_c_compiler_gnu=yes
ac_cv_env_CC_set=
ac_cv_env_CC_value=
ac_cv_env_CFLAGS_set=set
ac_cv_env_CFLAGS_value='-O0 --coverage -fPIC -g -fsanitize=address'
ac_cv_env_CPPFLAGS_set=set
ac_cv_env_CPPFLAGS_value='-g -fsanitize=address'
ac_cv_env_LDFLAGS_set=set
ac_cv_env_LDFLAGS_value=-fsanitize=address
ac_cv_env_LIBS_set=
ac_cv_env_LIBS_value=
ac_cv_env_build_alias_set=
ac_cv_env_build_alias_value=
ac_cv_env_host_alias_set=
ac_cv_env_host_alias_value=
ac_cv_env_target_alias_set=
ac_cv_env_target_alias_value=
ac_cv_objext=o
ac_cv_path_SED=/usr/bin/sed
ac_cv_path_install='/usr/bin/install -c'
ac_cv_path_mkdir=/usr/bin/mkdir
ac_cv_prog_AWK=mawk
ac_cv_prog_ac_ct_AR=ar
ac_cv_prog_ac_ct_CC=gcc
ac_cv_prog_ac_ct_RANLIB=ranlib
ac_cv_prog_cc_c11=
ac_cv_prog_cc_g=yes
ac_cv_prog_cc_stdc=
ac_cv_prog_make_make_set=yes
am_cv_CC_dependencies_compiler_type=gcc3
am_cv_ar_interface=ar
am_cv_make_support_nested_variables=yes
am_cv_prog_cc_c_o=yes
ax_cv_check_cflags__Wall=yes
ax_cv_check_cflags__Warray_bounds=yes
ax_cv_check_cflags__Wcast_align=yes
ax_cv_check_cflags__Wdeclaration_after_statement=yes
ax_cv_check_cflags__Wdouble_promotion=yes
ax_cv_check_cflags__Wduplicated_branches=yes
ax_cv_check_cflags__Wduplicated_cond=yes
ax_cv_check_cflags__Werror=yes
ax_cv_check_cflags__Wextra=yes
ax_cv_check_cflags__Wformat_2=yes
ax_cv_check_cflags__Wformat_nonliteral=yes
ax_cv_check_cflags__Wformat_security=yes
ax_cv_check_cflags__Wimplicit_function_declaration=yes
ax_cv_check_cflags__Winit_self=yes
ax_cv_check_cflags__Winline=yes
ax_cv_check_cflags__Wjump_misses_init=yes
ax_cv_check_cflags__Wlogical_op=yes
ax_cv_check_cflags__Wmissing_declarations=yes
ax_cv_check_cflags__Wmissing_format_attribute=yes
ax_cv_check_cflags__Wmissing_include_dirs=yes
ax_cv_check_cflags__Wmissing_noreturn=yes
ax_cv_check_cflags__Wmissing_prototypes=yes
ax_cv_check_cflags__Wnested_externs=yes
ax_cv_check_cflags__Wno_error_missing_field_initializers=yes
ax_cv_check_cflags__Wno_error_unused_parameter=yes
ax_cv_check_cflags__Wno_missing_field_initializers=yes
ax_cv_check_cflags__Wno_suggest_attribute_format=yes
ax_cv_check_cflags__Wno_unused_parameter=yes
ax_cv_check_cflags__Wnull_dereference=yes
ax_cv_check_cflags__Wold_style_definition=yes
ax_cv_check_cflags__Wpacked=yes
ax_cv_check_cflags__Wpointer_arith=yes
ax_cv_check_cflags__Wredundant_decls=yes
ax_cv_check_cflags__Wrestrict=yes
ax_cv_check_cflags__Wreturn_type=yes
ax_cv_check_cflags__Wshadow=yes
ax_cv_check_cflags__Wsign_compare=yes
ax_cv_check_cflags__Wstrict_aliasing=yes
ax_cv_check_cflags__Wstrict_prototypes=yes
ax_cv_check_cflags__Wswitch_default=yes
ax_cv_check_cflags__Wswitch_enum=yes
ax_cv_check_cflags__Wundef=yes
ax_cv_check_cflags__Wunused_but_set_variable=yes
ax_cv_check_cflags__Wvla=yes
ax_cv_check_cflags__Wwrite_strings=yes
ax_cv_check_cflags___Werror_unknown_warning_option=no
ax_cv_check_cflags___Wno_suggest_attribute_format=yes
ax_cv_check_cflags__fno_strict_aliasing=yes
ax_cv_check_cflags__pedantic=yes
ax_cv_check_cflags__std_c99=yes
ax_cv_check_ldflags__Wl___as_needed=yes
ax_cv_check_ldflags__Wl___fatal_warnings=yes
ax_cv_check_ldflags__Wl___no_as_needed=yes
ax_cv_check_ldflags__Wl__z_noexecstack=yes
ax_cv_check_ldflags__Wl__z_now=yes
ax_cv_check_ldflags__Wl__z_relro=yes
ax_cv_check_ldflags___Wl___as_needed=yes
ax_cv_check_ldflags___Wl___fatal_warnings=yes
ax_cv_check_ldflags___Wl___no_as_needed=yes
ax_cv_check_ldflags___Wl__fatal_warnings=no
ax_cv_check_ldflags___Wl__z_noexecstack=yes
ax_cv_check_ldflags___Wl__z_now=yes
ax_cv_check_ldflags___Wl__z_relro=yes

## ----------------- ##
## Output variables. ##
## ----------------- ##

ACLOCAL='${SHELL} '\''/home/bubulle/EPITA/s5/quarantedesh/missing'\'' aclocal-1.16'
AMDEPBACKSLASH='\'
AMDEP_FALSE='#'
AMDEP_TRUE=''
AMTAR='$${TAR-tar}'
AM_BACKSLASH='\'
AM_DEFAULT_V='$(AM_DEFAULT_VERBOSITY)'
AM_DEFAULT_VERBOSITY='0'
AM_V='$(V)'
AR='ar'
AUTOCONF='${SHELL} '\''/home/bubulle/EPITA/s5/quarantedesh/missing'\'' autoconf'
AUTOHEADER='${SHELL} '\''/home/bubulle/EPITA/s5/quarantedesh/missing'\'' autoheader'
AUTOMAKE='${SHELL} '\''/home/bubulle/EPITA/s5/quarantedesh/missing'\'' automake-1.16'
AWK='mawk'
CC='gcc'
CCDEPMODE='depmode=gcc3'
CFLAGS='-O0 --coverage -fPIC -g -fsanitize=address'
CPPFLAGS='-g -fsanitize=address'
CSCOPE='cscope'
CTAGS='ctags'
CYGPATH_W='echo'
DEFS='-DPACKAGE_NAME=\"42sh\" -DPACKAGE_TARNAME=\"42sh\" -DPACKAGE_VERSION=\"1,0\" -DPACKAGE_STRING=\"42sh\ 1,0\" -DPACKAGE_BUGREPORT=\"aglae.tournois@epita.fr\" -DPACKAGE_URL=\"\" -DPACKAGE=\"42sh\" -DVERSION=\"1,0\"'
DEPDIR='.deps'
ECHO_C=''
ECHO_N='-n'
ECHO_T=''
ETAGS='etags'
EXEEXT=''
INSTALL_DATA='${INSTALL} -m 644'
INSTALL_PROGRAM='${INSTALL}'
INSTALL_SCRIPT='${INSTALL}'
INSTALL_STRIP_PROGRAM='$(install_sh) -c -s'
LDFLAGS='-fsanitize=address'
LIBOBJS=''
LIBS=''
LTLIBOBJS=''
MAKEINFO='${SHELL} '\''/home/bubulle/EPITA/s5/quarantedesh/missing'\'' makeinfo'
MKDIR_P='/usr/bin/mkdir -p'
OBJEXT='o'
PACKAGE='42sh'
PACKAGE_BUGREPORT='aglae.tournois@epita.fr'
PACKAGE_NAME='42sh'
PACKAGE_STRING='42sh 1,0'
PACKAGE_TARNAME='42sh'
PACKAGE_URL=''
PACKAGE_VERSION='1,0'
PATH_SEPARATOR=':'
RANLIB='ranlib'
SED='/usr/bin/sed'
SET_MAKE=''
SHELL='/bin/bash'
STRIP=''
VERSION='1,0'
WARN_CFLAGS='-fno-strict-aliasing -Wall -Werror -Wextra -Wvla -std=c99 -pedantic -Wnested-externs -Wmissing-prototypes -Wstrict-prototypes -Wdeclaration-after-statement -Wimplicit-function-declaration -Wold-style-definition -Wjump-misses-init -Wundef -Wwrite-strings -Wpointer-arith -Wmissing-declarations -Wredundant-decls -Wno-unused-parameter -Wno-missing-field-initializers -Wformat=2 -Wcast-align -Wformat-nonliteral -Wformat-security -Wsign-compare -Wstrict-aliasing -Wshadow -Winline -Wpacked -Wmissing-format-attribute -Wmissing-noreturn -Winit-self -Wmissing-include-dirs -Wunused-but-set-variable -Warray-bounds -Wreturn-type -Wswitch-enum -Wswitch-default -Wduplicated-cond -Wduplicated-branches -Wlogical-op -Wrestrict -Wnull-dereference -Wdouble-promotion -Wno-suggest-attribute=format -Wno-error=unused-parameter -Wno-error=missing-field-initializers'
WARN_LDFLAGS='-Wl,--no-as-needed -Wl,--fatal-warnings'
WARN_SCANNERFLAGS='              --warn-all                                                                           --warn-error         '
ac_ct_AR='ar'
ac_ct_CC='gcc'
am__EXEEXT_FALSE=''
am__EXEEXT_TRUE='#'
am__fastdepCC_FALSE='#'
am__fastdepCC_TRUE=''
am__include='include'
am__isrc=''
am__leading_dot='.'
am__nodep='_no'
am__quote=''
am__tar='$${TAR-tar} chof - "$$tardir"'
am__untar='$${TAR-tar} xf -'
bindir='${exec_prefix}/bin'
build_alias=''
datadir='${datarootdir}'
datarootdir='${prefix}/share'
docdir='${datarootdir}/doc/${PACKAGE_TARNAME}'
dvidir='${docdir}'
exec_prefix='${prefix}'
host_alias=''
htmldir='${docdir}'
includedir='${prefix}/include'
infodir='${datarootdir}/info'
install_sh='${SHELL} /home/bubulle/EPITA/s5/quarantedesh/install-sh'
libdir='${exec_prefix}/lib'
libexecdir='${exec_prefix}/libexec'
localedir='${datarootdir}/locale'
localstatedir='${prefix}/var'
mandir='${datarootdir}/man'
mkdir_p='$(MKDIR_P)'
oldincludedir='/usr/include'
pdfdir='${docdir}'
prefix='/usr/local'
program_transform_name='s,x,x,'
psdir='${docdir}'
runstatedir='${localstatedir}/run'
sbindir='${exec_prefix}/sbin'
sharedstatedir='${prefix}/com'
sysconfdir='${prefix}/etc'
target_alias=''

## ----------- ##
## confdefs.h. ##
## ----------- ##

/* confdefs.h */
#define PACKAGE_NAME "42sh"
#define PACKAGE_TARNAME "42sh"
#define PACKAGE_VERSION "1,0"
#define PACKAGE_STRING "42sh 1,0"
#define PACKAGE_BUGREPORT "aglae.tournois@epita.fr"
#define PACKAGE_URL ""
#define PACKAGE "42sh"
#define VERSION "1,0"

configure: exit 0

## ---------------------- ##
## Running config.status. ##
## ---------------------- ##

This file was extended by 42sh config.status 1,0, which was
generated by GNU Autoconf 2.71.  Invocation command line was

  CONFIG_FILES    = 
  CONFIG_HEADERS  = 
  CONFIG_LINKS    = 
  CONFIG_COMMANDS = 
  $ ./config.status src/command/Makefile depfiles

on BubullesComputer

config.status:790: creating src/command/Makefile
config.status:962: executing depfiles commands
config.status:1039: cd src/command       && sed -e '/# am--include-marker/d' Makefile         | make -f - am--depfiles
make[3]: Entering directory '/home/bubulle/EPITA/s5/quarantedesh/src/command'
make[3]: Leaving directory '/home/bubulle/EPITA/s5/quarantedesh/src/command'
config.status:1044: $? = 0

## ---------------------- ##
## Running config.status. ##
## ---------------------- ##

This file was extended by 42sh config.status 1,0, which was
generated by GNU Autoconf 2.71.  Invocation command line was

  CONFIG_FILES    = 
  CONFIG_HEADERS  = 
  CONFIG_LINKS    = 
  CONFIG_COMMANDS = 
  $ ./config.status src/command/Makefile depfiles

on BubullesComputer

config.status:790: creating src/command/Makefile
config.status:962: executing depfiles commands
config.status:1039: cd src/command       && sed -e '/# am--include-marker/d' Makefile         | make -f - am--depfiles
make[3]: Entering directory '/home/bubulle/EPITA/s5/quarantedesh/src/command'
make[3]: Leaving directory '/home/bubulle/EPITA/s5/quarantedesh/src/command'
config.status:1044: $? = 0
